# JRE version: OpenJDK Runtime Environment (8.0_202-b03) (build 1.8.0_202-release-1483-b03)
# Java VM: OpenJDK 64-Bit Server VM (25.202-b03 mixed mode windows-amd64 compressed oops)
Heap:
 PSYoungGen      total 391680K, used 266687K [0x00000000e0000000, 0x00000000fef80000, 0x0000000100000000)
  eden space 275968K, 91% used [0x00000000e0000000,0x00000000ef64f480,0x00000000f0d80000)
  from space 115712K, 12% used [0x00000000f7e80000,0x00000000f8ca07c0,0x00000000fef80000)
  to   space 25600K, 0% used [0x00000000f0d80000,0x00000000f0d80000,0x00000000f2680000)
 ParOldGen       total 273920K, used 212978K [0x00000000a0000000, 0x00000000b0b80000, 0x00000000e0000000)
  object space 273920K, 77% used [0x00000000a0000000,0x00000000acffc880,0x00000000b0b80000)
 Metaspace       used 97862K, capacity 102440K, committed 102696K, reserved 1138688K
  class space    used 12314K, capacity 13246K, committed 13352K, reserved 1048576K
GC Heap History (10 events):
Event: 2568.558 GC heap before
{Heap before GC invocations=33 (full 5):
 PSYoungGen      total 291840K, used 291656K [0x00000000e0000000, 0x00000000ffc00000, 0x0000000100000000)
  eden space 283648K, 100% used [0x00000000e0000000,0x00000000f1500000,0x00000000f1500000)
  from space 8192K, 97% used [0x00000000f1500000,0x00000000f1cd2258,0x00000000f1d00000)
  to   space 118272K, 0% used [0x00000000f8880000,0x00000000f8880000,0x00000000ffc00000)
 ParOldGen       total 273920K, used 206907K [0x00000000a0000000, 0x00000000b0b80000, 0x00000000e0000000)
  object space 273920K, 75% used [0x00000000a0000000,0x00000000aca0ee58,0x00000000b0b80000)
 Metaspace       used 96247K, capacity 100420K, committed 100776K, reserved 1136640K
  class space    used 12192K, capacity 13041K, committed 13224K, reserved 1048576K
Event: 2568.617 GC heap after
Heap after GC invocations=33 (full 5):
 PSYoungGen      total 406528K, used 18520K [0x00000000e0000000, 0x0000000100000000, 0x0000000100000000)
  eden space 288256K, 0% used [0x00000000e0000000,0x00000000e0000000,0x00000000f1980000)
  from space 118272K, 15% used [0x00000000f8880000,0x00000000f9a96050,0x00000000ffc00000)
  to   space 113664K, 0% used [0x00000000f1980000,0x00000000f1980000,0x00000000f8880000)
 ParOldGen       total 273920K, used 212946K [0x00000000a0000000, 0x00000000b0b80000, 0x00000000e0000000)
  object space 273920K, 77% used [0x00000000a0000000,0x00000000acff4880,0x00000000b0b80000)
 Metaspace       used 96247K, capacity 100420K, committed 100776K, reserved 1136640K
  class space    used 12192K, capacity 13041K, committed 13224K, reserved 1048576K
}
Event: 2578.593 GC heap before
{Heap before GC invocations=34 (full 5):
 PSYoungGen      total 406528K, used 306776K [0x00000000e0000000, 0x0000000100000000, 0x0000000100000000)
  eden space 288256K, 100% used [0x00000000e0000000,0x00000000f1980000,0x00000000f1980000)
  from space 118272K, 15% used [0x00000000f8880000,0x00000000f9a96050,0x00000000ffc00000)
  to   space 113664K, 0% used [0x00000000f1980000,0x00000000f1980000,0x00000000f8880000)
 ParOldGen       total 273920K, used 212946K [0x00000000a0000000, 0x00000000b0b80000, 0x00000000e0000000)
  object space 273920K, 77% used [0x00000000a0000000,0x00000000acff4880,0x00000000b0b80000)
 Metaspace       used 96612K, capacity 100846K, committed 101032K, reserved 1136640K
  class space    used 12213K, capacity 13079K, committed 13224K, reserved 1048576K
Event: 2578.845 GC heap after
Heap after GC invocations=34 (full 5):
 PSYoungGen      total 381952K, used 93191K [0x00000000e0000000, 0x0000000100000000, 0x0000000100000000)
  eden space 288256K, 0% used [0x00000000e0000000,0x00000000e0000000,0x00000000f1980000)
  from space 93696K, 99% used [0x00000000f1980000,0x00000000f7481c98,0x00000000f7500000)
  to   space 126976K, 0% used [0x00000000f8400000,0x00000000f8400000,0x0000000100000000)
 ParOldGen       total 273920K, used 212954K [0x00000000a0000000, 0x00000000b0b80000, 0x00000000e0000000)
  object space 273920K, 77% used [0x00000000a0000000,0x00000000acff6880,0x00000000b0b80000)
 Metaspace       used 96612K, capacity 100846K, committed 101032K, reserved 1136640K
  class space    used 12213K, capacity 13079K, committed 13224K, reserved 1048576K
}
Event: 2611.401 GC heap before
{Heap before GC invocations=35 (full 5):
 PSYoungGen      total 381952K, used 381447K [0x00000000e0000000, 0x0000000100000000, 0x0000000100000000)
  eden space 288256K, 100% used [0x00000000e0000000,0x00000000f1980000,0x00000000f1980000)
  from space 93696K, 99% used [0x00000000f1980000,0x00000000f7481c98,0x00000000f7500000)
  to   space 126976K, 0% used [0x00000000f8400000,0x00000000f8400000,0x0000000100000000)
 ParOldGen       total 273920K, used 212954K [0x00000000a0000000, 0x00000000b0b80000, 0x00000000e0000000)
  object space 273920K, 77% used [0x00000000a0000000,0x00000000acff6880,0x00000000b0b80000)
 Metaspace       used 97046K, capacity 101434K, committed 101800K, reserved 1138688K
  class space    used 12250K, capacity 13133K, committed 13224K, reserved 1048576K
Event: 2611.455 GC heap after
Heap after GC invocations=35 (full 5):
 PSYoungGen      total 402944K, used 25406K [0x00000000e0000000, 0x0000000100000000, 0x0000000100000000)
  eden space 275968K, 0% used [0x00000000e0000000,0x00000000e0000000,0x00000000f0d80000)
  from space 126976K, 20% used [0x00000000f8400000,0x00000000f9ccfb58,0x0000000100000000)
  to   space 121344K, 0% used [0x00000000f0d80000,0x00000000f0d80000,0x00000000f8400000)
 ParOldGen       total 273920K, used 212962K [0x00000000a0000000, 0x00000000b0b80000, 0x00000000e0000000)
  object space 273920K, 77% used [0x00000000a0000000,0x00000000acff8880,0x00000000b0b80000)
 Metaspace       used 97046K, capacity 101434K, committed 101800K, reserved 1138688K
  class space    used 12250K, capacity 13133K, committed 13224K, reserved 1048576K
}
Event: 2880.743 GC heap before
{Heap before GC invocations=36 (full 5):
 PSYoungGen      total 402944K, used 301374K [0x00000000e0000000, 0x0000000100000000, 0x0000000100000000)
  eden space 275968K, 100% used [0x00000000e0000000,0x00000000f0d80000,0x00000000f0d80000)
  from space 126976K, 20% used [0x00000000f8400000,0x00000000f9ccfb58,0x0000000100000000)
  to   space 121344K, 0% used [0x00000000f0d80000,0x00000000f0d80000,0x00000000f8400000)
 ParOldGen       total 273920K, used 212962K [0x00000000a0000000, 0x00000000b0b80000, 0x00000000e0000000)
  object space 273920K, 77% used [0x00000000a0000000,0x00000000acff8880,0x00000000b0b80000)
 Metaspace       used 97500K, capacity 101934K, committed 102184K, reserved 1138688K
  class space    used 12284K, capacity 13195K, committed 13352K, reserved 1048576K
Event: 2880.784 GC heap after
Heap after GC invocations=36 (full 5):
 PSYoungGen      total 301568K, used 25138K [0x00000000e0000000, 0x00000000fef80000, 0x0000000100000000)
  eden space 275968K, 0% used [0x00000000e0000000,0x00000000e0000000,0x00000000f0d80000)
  from space 25600K, 98% used [0x00000000f0d80000,0x00000000f260c930,0x00000000f2680000)
  to   space 115712K, 0% used [0x00000000f7e80000,0x00000000f7e80000,0x00000000fef80000)
 ParOldGen       total 273920K, used 212970K [0x00000000a0000000, 0x00000000b0b80000, 0x00000000e0000000)
  object space 273920K, 77% used [0x00000000a0000000,0x00000000acffa880,0x00000000b0b80000)
 Metaspace       used 97500K, capacity 101934K, committed 102184K, reserved 1138688K
  class space    used 12284K, capacity 13195K, committed 13352K, reserved 1048576K
}
Event: 3613.663 GC heap before
{Heap before GC invocations=37 (full 5):
 PSYoungGen      total 301568K, used 301106K [0x00000000e0000000, 0x00000000fef80000, 0x0000000100000000)
  eden space 275968K, 100% used [0x00000000e0000000,0x00000000f0d80000,0x00000000f0d80000)
  from space 25600K, 98% used [0x00000000f0d80000,0x00000000f260c930,0x00000000f2680000)
  to   space 115712K, 0% used [0x00000000f7e80000,0x00000000f7e80000,0x00000000fef80000)
 ParOldGen       total 273920K, used 212970K [0x00000000a0000000, 0x00000000b0b80000, 0x00000000e0000000)
  object space 273920K, 77% used [0x00000000a0000000,0x00000000acffa880,0x00000000b0b80000)
 Metaspace       used 97695K, capacity 102150K, committed 102440K, reserved 1138688K
  class space    used 12299K, capacity 13219K, committed 13352K, reserved 1048576K
Event: 3613.787 GC heap after
Heap after GC invocations=37 (full 5):
 PSYoungGen      total 391680K, used 14465K [0x00000000e0000000, 0x00000000fef80000, 0x0000000100000000)
  eden space 275968K, 0% used [0x00000000e0000000,0x00000000e0000000,0x00000000f0d80000)
  from space 115712K, 12% used [0x00000000f7e80000,0x00000000f8ca07c0,0x00000000fef80000)
  to   space 25600K, 0% used [0x00000000f0d80000,0x00000000f0d80000,0x00000000f2680000)
 ParOldGen       total 273920K, used 212978K [0x00000000a0000000, 0x00000000b0b80000, 0x00000000e0000000)
  object space 273920K, 77% used [0x00000000a0000000,0x00000000acffc880,0x00000000b0b80000)
 Metaspace       used 97695K, capacity 102150K, committed 102440K, reserved 1138688K
  class space    used 12299K, capacity 13219K, committed 13352K, reserved 1048576K
}

