# JRE version: OpenJDK Runtime Environment (8.0_202-b03) (build 1.8.0_202-release-1483-b03)
# Java VM: OpenJDK 64-Bit Server VM (25.202-b03 mixed mode windows-amd64 compressed oops)
Heap:
 PSYoungGen      total 296960K, used 34613K [0x00000000e0000000, 0x00000000f6780000, 0x0000000100000000)
  eden space 267776K, 2% used [0x00000000e0000000,0x00000000e05b3880,0x00000000f0580000)
  from space 29184K, 98% used [0x00000000f4b00000,0x00000000f6719cf8,0x00000000f6780000)
  to   space 40960K, 0% used [0x00000000f1780000,0x00000000f1780000,0x00000000f3f80000)
 ParOldGen       total 154624K, used 83482K [0x00000000a0000000, 0x00000000a9700000, 0x00000000e0000000)
  object space 154624K, 53% used [0x00000000a0000000,0x00000000a5186910,0x00000000a9700000)
 Metaspace       used 93336K, capacity 98616K, committed 98728K, reserved 1134592K
  class space    used 11949K, capacity 12928K, committed 12968K, reserved 1048576K
GC Heap History (10 events):
Event: 4666.841 GC heap after
Heap after GC invocations=23 (full 4):
 PSYoungGen      total 321536K, used 18241K [0x00000000e0000000, 0x00000000f8280000, 0x0000000100000000)
  eden space 275968K, 0% used [0x00000000e0000000,0x00000000e0000000,0x00000000f0d80000)
  from space 45568K, 40% used [0x00000000f0d80000,0x00000000f1f50678,0x00000000f3a00000)
  to   space 43520K, 0% used [0x00000000f5800000,0x00000000f5800000,0x00000000f8280000)
 ParOldGen       total 154624K, used 83442K [0x00000000a0000000, 0x00000000a9700000, 0x00000000e0000000)
  object space 154624K, 53% used [0x00000000a0000000,0x00000000a517c910,0x00000000a9700000)
 Metaspace       used 91359K, capacity 95620K, committed 95912K, reserved 1132544K
  class space    used 11785K, capacity 12630K, committed 12712K, reserved 1048576K
}
Event: 4743.736 GC heap before
{Heap before GC invocations=24 (full 4):
 PSYoungGen      total 321536K, used 293959K [0x00000000e0000000, 0x00000000f8280000, 0x0000000100000000)
  eden space 275968K, 99% used [0x00000000e0000000,0x00000000f0d41698,0x00000000f0d80000)
  from space 45568K, 40% used [0x00000000f0d80000,0x00000000f1f50678,0x00000000f3a00000)
  to   space 43520K, 0% used [0x00000000f5800000,0x00000000f5800000,0x00000000f8280000)
 ParOldGen       total 154624K, used 83442K [0x00000000a0000000, 0x00000000a9700000, 0x00000000e0000000)
  object space 154624K, 53% used [0x00000000a0000000,0x00000000a517c910,0x00000000a9700000)
 Metaspace       used 91690K, capacity 96142K, committed 96424K, reserved 1132544K
  class space    used 11809K, capacity 12673K, committed 12712K, reserved 1048576K
Event: 4743.826 GC heap after
Heap after GC invocations=24 (full 4):
 PSYoungGen      total 342016K, used 23068K [0x00000000e0000000, 0x00000000f7c80000, 0x0000000100000000)
  eden space 304640K, 0% used [0x00000000e0000000,0x00000000e0000000,0x00000000f2980000)
  from space 37376K, 61% used [0x00000000f5800000,0x00000000f6e87300,0x00000000f7c80000)
  to   space 42496K, 0% used [0x00000000f2980000,0x00000000f2980000,0x00000000f5300000)
 ParOldGen       total 154624K, used 83450K [0x00000000a0000000, 0x00000000a9700000, 0x00000000e0000000)
  object space 154624K, 53% used [0x00000000a0000000,0x00000000a517e910,0x00000000a9700000)
 Metaspace       used 91690K, capacity 96142K, committed 96424K, reserved 1132544K
  class space    used 11809K, capacity 12673K, committed 12712K, reserved 1048576K
}
Event: 5242.507 GC heap before
{Heap before GC invocations=25 (full 4):
 PSYoungGen      total 342016K, used 327708K [0x00000000e0000000, 0x00000000f7c80000, 0x0000000100000000)
  eden space 304640K, 100% used [0x00000000e0000000,0x00000000f2980000,0x00000000f2980000)
  from space 37376K, 61% used [0x00000000f5800000,0x00000000f6e87300,0x00000000f7c80000)
  to   space 42496K, 0% used [0x00000000f2980000,0x00000000f2980000,0x00000000f5300000)
 ParOldGen       total 154624K, used 83450K [0x00000000a0000000, 0x00000000a9700000, 0x00000000e0000000)
  object space 154624K, 53% used [0x00000000a0000000,0x00000000a517e910,0x00000000a9700000)
 Metaspace       used 92329K, capacity 97178K, committed 97320K, reserved 1134592K
  class space    used 11866K, capacity 12779K, committed 12840K, reserved 1048576K
Event: 5242.670 GC heap after
Heap after GC invocations=25 (full 4):
 PSYoungGen      total 347136K, used 15041K [0x00000000e0000000, 0x00000000f9300000, 0x0000000100000000)
  eden space 304640K, 0% used [0x00000000e0000000,0x00000000e0000000,0x00000000f2980000)
  from space 42496K, 35% used [0x00000000f2980000,0x00000000f3830658,0x00000000f5300000)
  to   space 40960K, 0% used [0x00000000f6b00000,0x00000000f6b00000,0x00000000f9300000)
 ParOldGen       total 154624K, used 83458K [0x00000000a0000000, 0x00000000a9700000, 0x00000000e0000000)
  object space 154624K, 53% used [0x00000000a0000000,0x00000000a5180910,0x00000000a9700000)
 Metaspace       used 92329K, capacity 97178K, committed 97320K, reserved 1134592K
  class space    used 11866K, capacity 12779K, committed 12840K, reserved 1048576K
}
Event: 5388.842 GC heap before
{Heap before GC invocations=26 (full 4):
 PSYoungGen      total 347136K, used 319681K [0x00000000e0000000, 0x00000000f9300000, 0x0000000100000000)
  eden space 304640K, 100% used [0x00000000e0000000,0x00000000f2980000,0x00000000f2980000)
  from space 42496K, 35% used [0x00000000f2980000,0x00000000f3830658,0x00000000f5300000)
  to   space 40960K, 0% used [0x00000000f6b00000,0x00000000f6b00000,0x00000000f9300000)
 ParOldGen       total 154624K, used 83458K [0x00000000a0000000, 0x00000000a9700000, 0x00000000e0000000)
  object space 154624K, 53% used [0x00000000a0000000,0x00000000a5180910,0x00000000a9700000)
 Metaspace       used 92728K, capacity 97918K, committed 98216K, reserved 1134592K
  class space    used 11916K, capacity 12897K, committed 12968K, reserved 1048576K
Event: 5388.907 GC heap after
Heap after GC invocations=26 (full 4):
 PSYoungGen      total 315392K, used 23091K [0x00000000e0000000, 0x00000000f8200000, 0x0000000100000000)
  eden space 291840K, 0% used [0x00000000e0000000,0x00000000e0000000,0x00000000f1d00000)
  from space 23552K, 98% used [0x00000000f6b00000,0x00000000f818ccb0,0x00000000f8200000)
  to   space 39936K, 0% used [0x00000000f3400000,0x00000000f3400000,0x00000000f5b00000)
 ParOldGen       total 154624K, used 83466K [0x00000000a0000000, 0x00000000a9700000, 0x00000000e0000000)
  object space 154624K, 53% used [0x00000000a0000000,0x00000000a5182910,0x00000000a9700000)
 Metaspace       used 92728K, capacity 97918K, committed 98216K, reserved 1134592K
  class space    used 11916K, capacity 12897K, committed 12968K, reserved 1048576K
}
Event: 5699.123 GC heap before
{Heap before GC invocations=27 (full 4):
 PSYoungGen      total 315392K, used 314931K [0x00000000e0000000, 0x00000000f8200000, 0x0000000100000000)
  eden space 291840K, 100% used [0x00000000e0000000,0x00000000f1d00000,0x00000000f1d00000)
  from space 23552K, 98% used [0x00000000f6b00000,0x00000000f818ccb0,0x00000000f8200000)
  to   space 39936K, 0% used [0x00000000f3400000,0x00000000f3400000,0x00000000f5b00000)
 ParOldGen       total 154624K, used 83466K [0x00000000a0000000, 0x00000000a9700000, 0x00000000e0000000)
  object space 154624K, 53% used [0x00000000a0000000,0x00000000a5182910,0x00000000a9700000)
 Metaspace       used 92904K, capacity 98124K, committed 98216K, reserved 1134592K
  class space    used 11917K, capacity 12898K, committed 12968K, reserved 1048576K
Event: 5699.204 GC heap after
Heap after GC invocations=27 (full 4):
 PSYoungGen      total 303104K, used 23246K [0x00000000e0000000, 0x00000000f6b80000, 0x0000000100000000)
  eden space 279552K, 0% used [0x00000000e0000000,0x00000000e0000000,0x00000000f1100000)
  from space 23552K, 98% used [0x00000000f3400000,0x00000000f4ab3a48,0x00000000f4b00000)
  to   space 33280K, 0% used [0x00000000f4b00000,0x00000000f4b00000,0x00000000f6b80000)
 ParOldGen       total 154624K, used 83474K [0x00000000a0000000, 0x00000000a9700000, 0x00000000e0000000)
  object space 154624K, 53% used [0x00000000a0000000,0x00000000a5184910,0x00000000a9700000)
 Metaspace       used 92904K, capacity 98124K, committed 98216K, reserved 1134592K
  class space    used 11917K, capacity 12898K, committed 12968K, reserved 1048576K
}
Event: 6167.659 GC heap before
{Heap before GC invocations=28 (full 4):
 PSYoungGen      total 303104K, used 302798K [0x00000000e0000000, 0x00000000f6b80000, 0x0000000100000000)
  eden space 279552K, 100% used [0x00000000e0000000,0x00000000f1100000,0x00000000f1100000)
  from space 23552K, 98% used [0x00000000f3400000,0x00000000f4ab3a48,0x00000000f4b00000)
  to   space 33280K, 0% used [0x00000000f4b00000,0x00000000f4b00000,0x00000000f6b80000)
 ParOldGen       total 154624K, used 83474K [0x00000000a0000000, 0x00000000a9700000, 0x00000000e0000000)
  object space 154624K, 53% used [0x00000000a0000000,0x00000000a5184910,0x00000000a9700000)
 Metaspace       used 93328K, capacity 98616K, committed 98728K, reserved 1134592K
  class space    used 11949K, capacity 12928K, committed 12968K, reserved 1048576K

