# JRE version: OpenJDK Runtime Environment (8.0_202-b03) (build 1.8.0_202-release-1483-b03)
# Java VM: OpenJDK 64-Bit Server VM (25.202-b03 mixed mode windows-amd64 compressed oops)
Heap:
 PSYoungGen      total 459264K, used 293287K [0x00000000e0000000, 0x00000000ff980000, 0x0000000100000000)
  eden space 409088K, 66% used [0x00000000e0000000,0x00000000f0886710,0x00000000f8f80000)
  from space 50176K, 44% used [0x00000000fc880000,0x00000000fde63798,0x00000000ff980000)
  to   space 54272K, 0% used [0x00000000f8f80000,0x00000000f8f80000,0x00000000fc480000)
 ParOldGen       total 231936K, used 185111K [0x00000000a0000000, 0x00000000ae280000, 0x00000000e0000000)
  object space 231936K, 79% used [0x00000000a0000000,0x00000000ab4c5cb0,0x00000000ae280000)
 Metaspace       used 103624K, capacity 109364K, committed 109736K, reserved 1144832K
  class space    used 12996K, capacity 14120K, committed 14248K, reserved 1048576K
GC Heap History (10 events):
Event: 13128.052 GC heap before
{Heap before GC invocations=63 (full 7):
 PSYoungGen      total 441344K, used 383091K [0x00000000e0000000, 0x00000000ffd80000, 0x0000000100000000)
  eden space 368128K, 100% used [0x00000000e0000000,0x00000000f6780000,0x00000000f6780000)
  from space 73216K, 20% used [0x00000000f6780000,0x00000000f761cc20,0x00000000faf00000)
  to   space 68608K, 0% used [0x00000000fba80000,0x00000000fba80000,0x00000000ffd80000)
 ParOldGen       total 231936K, used 144862K [0x00000000a0000000, 0x00000000ae280000, 0x00000000e0000000)
  object space 231936K, 62% used [0x00000000a0000000,0x00000000a8d779c0,0x00000000ae280000)
 Metaspace       used 103416K, capacity 109188K, committed 109480K, reserved 1144832K
  class space    used 12972K, capacity 14086K, committed 14248K, reserved 1048576K
Event: 13128.148 GC heap after
Heap after GC invocations=63 (full 7):
 PSYoungGen      total 442880K, used 9054K [0x00000000e0000000, 0x00000000ff580000, 0x0000000100000000)
  eden space 382464K, 0% used [0x00000000e0000000,0x00000000e0000000,0x00000000f7580000)
  from space 60416K, 14% used [0x00000000fba80000,0x00000000fc3578f0,0x00000000ff580000)
  to   space 65536K, 0% used [0x00000000f7580000,0x00000000f7580000,0x00000000fb580000)
 ParOldGen       total 231936K, used 157745K [0x00000000a0000000, 0x00000000ae280000, 0x00000000e0000000)
  object space 231936K, 68% used [0x00000000a0000000,0x00000000a9a0c7d8,0x00000000ae280000)
 Metaspace       used 103416K, capacity 109188K, committed 109480K, reserved 1144832K
  class space    used 12972K, capacity 14086K, committed 14248K, reserved 1048576K
}
Event: 13129.953 GC heap before
{Heap before GC invocations=64 (full 7):
 PSYoungGen      total 442880K, used 391518K [0x00000000e0000000, 0x00000000ff580000, 0x0000000100000000)
  eden space 382464K, 100% used [0x00000000e0000000,0x00000000f7580000,0x00000000f7580000)
  from space 60416K, 14% used [0x00000000fba80000,0x00000000fc3578f0,0x00000000ff580000)
  to   space 65536K, 0% used [0x00000000f7580000,0x00000000f7580000,0x00000000fb580000)
 ParOldGen       total 231936K, used 157745K [0x00000000a0000000, 0x00000000ae280000, 0x00000000e0000000)
  object space 231936K, 68% used [0x00000000a0000000,0x00000000a9a0c7d8,0x00000000ae280000)
 Metaspace       used 103428K, capacity 109188K, committed 109480K, reserved 1144832K
  class space    used 12972K, capacity 14086K, committed 14248K, reserved 1048576K
Event: 13130.041 GC heap after
Heap after GC invocations=64 (full 7):
 PSYoungGen      total 448000K, used 12631K [0x00000000e0000000, 0x00000000ffe00000, 0x0000000100000000)
  eden space 382464K, 0% used [0x00000000e0000000,0x00000000e0000000,0x00000000f7580000)
  from space 65536K, 19% used [0x00000000f7580000,0x00000000f81d5dc8,0x00000000fb580000)
  to   space 61952K, 0% used [0x00000000fc180000,0x00000000fc180000,0x00000000ffe00000)
 ParOldGen       total 231936K, used 164363K [0x00000000a0000000, 0x00000000ae280000, 0x00000000e0000000)
  object space 231936K, 70% used [0x00000000a0000000,0x00000000aa082dd8,0x00000000ae280000)
 Metaspace       used 103428K, capacity 109188K, committed 109480K, reserved 1144832K
  class space    used 12972K, capacity 14086K, committed 14248K, reserved 1048576K
}
Event: 13131.484 GC heap before
{Heap before GC invocations=65 (full 7):
 PSYoungGen      total 448000K, used 395095K [0x00000000e0000000, 0x00000000ffe00000, 0x0000000100000000)
  eden space 382464K, 100% used [0x00000000e0000000,0x00000000f7580000,0x00000000f7580000)
  from space 65536K, 19% used [0x00000000f7580000,0x00000000f81d5dc8,0x00000000fb580000)
  to   space 61952K, 0% used [0x00000000fc180000,0x00000000fc180000,0x00000000ffe00000)
 ParOldGen       total 231936K, used 164363K [0x00000000a0000000, 0x00000000ae280000, 0x00000000e0000000)
  object space 231936K, 70% used [0x00000000a0000000,0x00000000aa082dd8,0x00000000ae280000)
 Metaspace       used 103466K, capacity 109252K, committed 109480K, reserved 1144832K
  class space    used 12973K, capacity 14086K, committed 14248K, reserved 1048576K
Event: 13131.578 GC heap after
Heap after GC invocations=65 (full 7):
 PSYoungGen      total 451072K, used 20787K [0x00000000e0000000, 0x00000000ff680000, 0x0000000100000000)
  eden space 396800K, 0% used [0x00000000e0000000,0x00000000e0000000,0x00000000f8380000)
  from space 54272K, 38% used [0x00000000fc180000,0x00000000fd5ccd48,0x00000000ff680000)
  to   space 58880K, 0% used [0x00000000f8380000,0x00000000f8380000,0x00000000fbd00000)
 ParOldGen       total 231936K, used 170486K [0x00000000a0000000, 0x00000000ae280000, 0x00000000e0000000)
  object space 231936K, 73% used [0x00000000a0000000,0x00000000aa67d970,0x00000000ae280000)
 Metaspace       used 103466K, capacity 109252K, committed 109480K, reserved 1144832K
  class space    used 12973K, capacity 14086K, committed 14248K, reserved 1048576K
}
Event: 13133.106 GC heap before
{Heap before GC invocations=66 (full 7):
 PSYoungGen      total 451072K, used 417587K [0x00000000e0000000, 0x00000000ff680000, 0x0000000100000000)
  eden space 396800K, 100% used [0x00000000e0000000,0x00000000f8380000,0x00000000f8380000)
  from space 54272K, 38% used [0x00000000fc180000,0x00000000fd5ccd48,0x00000000ff680000)
  to   space 58880K, 0% used [0x00000000f8380000,0x00000000f8380000,0x00000000fbd00000)
 ParOldGen       total 231936K, used 170486K [0x00000000a0000000, 0x00000000ae280000, 0x00000000e0000000)
  object space 231936K, 73% used [0x00000000a0000000,0x00000000aa67d970,0x00000000ae280000)
 Metaspace       used 103489K, capacity 109258K, committed 109480K, reserved 1144832K
  class space    used 12973K, capacity 14087K, committed 14248K, reserved 1048576K
Event: 13133.208 GC heap after
Heap after GC invocations=66 (full 7):
 PSYoungGen      total 455680K, used 7375K [0x00000000e0000000, 0x00000000fff80000, 0x0000000100000000)
  eden space 396800K, 0% used [0x00000000e0000000,0x00000000e0000000,0x00000000f8380000)
  from space 58880K, 12% used [0x00000000f8380000,0x00000000f8ab3d60,0x00000000fbd00000)
  to   space 56320K, 0% used [0x00000000fc880000,0x00000000fc880000,0x00000000fff80000)
 ParOldGen       total 231936K, used 180596K [0x00000000a0000000, 0x00000000ae280000, 0x00000000e0000000)
  object space 231936K, 77% used [0x00000000a0000000,0x00000000ab05d348,0x00000000ae280000)
 Metaspace       used 103489K, capacity 109258K, committed 109480K, reserved 1144832K
  class space    used 12973K, capacity 14087K, committed 14248K, reserved 1048576K
}
Event: 13135.926 GC heap before
{Heap before GC invocations=67 (full 7):
 PSYoungGen      total 455680K, used 404175K [0x00000000e0000000, 0x00000000fff80000, 0x0000000100000000)
  eden space 396800K, 100% used [0x00000000e0000000,0x00000000f8380000,0x00000000f8380000)
  from space 58880K, 12% used [0x00000000f8380000,0x00000000f8ab3d60,0x00000000fbd00000)
  to   space 56320K, 0% used [0x00000000fc880000,0x00000000fc880000,0x00000000fff80000)
 ParOldGen       total 231936K, used 180596K [0x00000000a0000000, 0x00000000ae280000, 0x00000000e0000000)
  object space 231936K, 77% used [0x00000000a0000000,0x00000000ab05d348,0x00000000ae280000)
 Metaspace       used 103617K, capacity 109364K, committed 109736K, reserved 1144832K
  class space    used 12996K, capacity 14120K, committed 14248K, reserved 1048576K
Event: 13136.032 GC heap after
Heap after GC invocations=67 (full 7):
 PSYoungGen      total 459264K, used 22413K [0x00000000e0000000, 0x00000000ff980000, 0x0000000100000000)
  eden space 409088K, 0% used [0x00000000e0000000,0x00000000e0000000,0x00000000f8f80000)
  from space 50176K, 44% used [0x00000000fc880000,0x00000000fde63798,0x00000000ff980000)
  to   space 54272K, 0% used [0x00000000f8f80000,0x00000000f8f80000,0x00000000fc480000)
 ParOldGen       total 231936K, used 185111K [0x00000000a0000000, 0x00000000ae280000, 0x00000000e0000000)
  object space 231936K, 79% used [0x00000000a0000000,0x00000000ab4c5cb0,0x00000000ae280000)
 Metaspace       used 103617K, capacity 109364K, committed 109736K, reserved 1144832K
  class space    used 12996K, capacity 14120K, committed 14248K, reserved 1048576K
}

