# JRE version: OpenJDK Runtime Environment (8.0_202-b03) (build 1.8.0_202-release-1483-b03)
# Java VM: OpenJDK 64-Bit Server VM (25.202-b03 mixed mode windows-amd64 compressed oops)
Heap:
 PSYoungGen      total 369152K, used 367588K [0x00000000e0000000, 0x0000000100000000, 0x0000000100000000)
  eden space 267776K, 99% used [0x00000000e0000000,0x00000000f03f9648,0x00000000f0580000)
  from space 101376K, 99% used [0x00000000f0580000,0x00000000f687fc20,0x00000000f6880000)
  to   space 125440K, 0% used [0x00000000f8580000,0x00000000f8580000,0x0000000100000000)
 ParOldGen       total 193024K, used 86129K [0x00000000a0000000, 0x00000000abc80000, 0x00000000e0000000)
  object space 193024K, 44% used [0x00000000a0000000,0x00000000a541c6b0,0x00000000abc80000)
 Metaspace       used 97831K, capacity 104356K, committed 110376K, reserved 1144832K
  class space    used 12295K, capacity 13418K, committed 14376K, reserved 1048576K
GC Heap History (10 events):
Event: 13582.291 GC heap before
{Heap before GC invocations=77 (full 6):
 PSYoungGen      total 339456K, used 265529K [0x00000000e0000000, 0x00000000fb380000, 0x0000000100000000)
  eden space 247296K, 99% used [0x00000000e0000000,0x00000000ef17e3c0,0x00000000ef180000)
  from space 92160K, 19% used [0x00000000f5980000,0x00000000f6b50240,0x00000000fb380000)
  to   space 99328K, 0% used [0x00000000ef180000,0x00000000ef180000,0x00000000f5280000)
 ParOldGen       total 193024K, used 69554K [0x00000000a0000000, 0x00000000abc80000, 0x00000000e0000000)
  object space 193024K, 36% used [0x00000000a0000000,0x00000000a43ec9c0,0x00000000abc80000)
 Metaspace       used 96890K, capacity 103268K, committed 110376K, reserved 1144832K
  class space    used 12201K, capacity 13306K, committed 14376K, reserved 1048576K
Event: 13582.429 GC heap after
Heap after GC invocations=77 (full 6):
 PSYoungGen      total 346624K, used 9999K [0x00000000e0000000, 0x00000000fb900000, 0x0000000100000000)
  eden space 247296K, 0% used [0x00000000e0000000,0x00000000e0000000,0x00000000ef180000)
  from space 99328K, 10% used [0x00000000ef180000,0x00000000efb43fc0,0x00000000f5280000)
  to   space 96768K, 0% used [0x00000000f5a80000,0x00000000f5a80000,0x00000000fb900000)
 ParOldGen       total 193024K, used 69554K [0x00000000a0000000, 0x00000000abc80000, 0x00000000e0000000)
  object space 193024K, 36% used [0x00000000a0000000,0x00000000a43ec9c0,0x00000000abc80000)
 Metaspace       used 96890K, capacity 103268K, committed 110376K, reserved 1144832K
  class space    used 12201K, capacity 13306K, committed 14376K, reserved 1048576K
}
Event: 14827.454 GC heap before
{Heap before GC invocations=78 (full 6):
 PSYoungGen      total 346624K, used 257295K [0x00000000e0000000, 0x00000000fb900000, 0x0000000100000000)
  eden space 247296K, 100% used [0x00000000e0000000,0x00000000ef180000,0x00000000ef180000)
  from space 99328K, 10% used [0x00000000ef180000,0x00000000efb43fc0,0x00000000f5280000)
  to   space 96768K, 0% used [0x00000000f5a80000,0x00000000f5a80000,0x00000000fb900000)
 ParOldGen       total 193024K, used 69554K [0x00000000a0000000, 0x00000000abc80000, 0x00000000e0000000)
  object space 193024K, 36% used [0x00000000a0000000,0x00000000a43ec9c0,0x00000000abc80000)
 Metaspace       used 96949K, capacity 103366K, committed 110376K, reserved 1144832K
  class space    used 12204K, capacity 13309K, committed 14376K, reserved 1048576K
Event: 14827.511 GC heap after
Heap after GC invocations=78 (full 6):
 PSYoungGen      total 339456K, used 21200K [0x00000000e0000000, 0x00000000fac80000, 0x0000000100000000)
  eden space 255488K, 0% used [0x00000000e0000000,0x00000000e0000000,0x00000000ef980000)
  from space 83968K, 25% used [0x00000000f5a80000,0x00000000f6f341c8,0x00000000fac80000)
  to   space 91648K, 0% used [0x00000000ef980000,0x00000000ef980000,0x00000000f5300000)
 ParOldGen       total 193024K, used 69554K [0x00000000a0000000, 0x00000000abc80000, 0x00000000e0000000)
  object space 193024K, 36% used [0x00000000a0000000,0x00000000a43ec9c0,0x00000000abc80000)
 Metaspace       used 96949K, capacity 103366K, committed 110376K, reserved 1144832K
  class space    used 12204K, capacity 13309K, committed 14376K, reserved 1048576K
}
Event: 14850.315 GC heap before
{Heap before GC invocations=79 (full 6):
 PSYoungGen      total 339456K, used 276688K [0x00000000e0000000, 0x00000000fac80000, 0x0000000100000000)
  eden space 255488K, 100% used [0x00000000e0000000,0x00000000ef980000,0x00000000ef980000)
  from space 83968K, 25% used [0x00000000f5a80000,0x00000000f6f341c8,0x00000000fac80000)
  to   space 91648K, 0% used [0x00000000ef980000,0x00000000ef980000,0x00000000f5300000)
 ParOldGen       total 193024K, used 69554K [0x00000000a0000000, 0x00000000abc80000, 0x00000000e0000000)
  object space 193024K, 36% used [0x00000000a0000000,0x00000000a43ec9c0,0x00000000abc80000)
 Metaspace       used 97226K, capacity 103734K, committed 110376K, reserved 1144832K
  class space    used 12226K, capacity 13349K, committed 14376K, reserved 1048576K
Event: 14850.563 GC heap after
Heap after GC invocations=79 (full 6):
 PSYoungGen      total 347136K, used 83826K [0x00000000e0000000, 0x00000000fd480000, 0x0000000100000000)
  eden space 255488K, 0% used [0x00000000e0000000,0x00000000e0000000,0x00000000ef980000)
  from space 91648K, 91% used [0x00000000ef980000,0x00000000f4b5c870,0x00000000f5300000)
  to   space 105472K, 0% used [0x00000000f6d80000,0x00000000f6d80000,0x00000000fd480000)
 ParOldGen       total 193024K, used 69562K [0x00000000a0000000, 0x00000000abc80000, 0x00000000e0000000)
  object space 193024K, 36% used [0x00000000a0000000,0x00000000a43ee9c0,0x00000000abc80000)
 Metaspace       used 97226K, capacity 103734K, committed 110376K, reserved 1144832K
  class space    used 12226K, capacity 13349K, committed 14376K, reserved 1048576K
}
Event: 14867.300 GC heap before
{Heap before GC invocations=80 (full 6):
 PSYoungGen      total 347136K, used 339030K [0x00000000e0000000, 0x00000000fd480000, 0x0000000100000000)
  eden space 255488K, 99% used [0x00000000e0000000,0x00000000ef9391f0,0x00000000ef980000)
  from space 91648K, 91% used [0x00000000ef980000,0x00000000f4b5c870,0x00000000f5300000)
  to   space 105472K, 0% used [0x00000000f6d80000,0x00000000f6d80000,0x00000000fd480000)
 ParOldGen       total 193024K, used 69562K [0x00000000a0000000, 0x00000000abc80000, 0x00000000e0000000)
  object space 193024K, 36% used [0x00000000a0000000,0x00000000a43ee9c0,0x00000000abc80000)
 Metaspace       used 97287K, capacity 103768K, committed 110376K, reserved 1144832K
  class space    used 12233K, capacity 13356K, committed 14376K, reserved 1048576K
Event: 14867.353 GC heap after
Heap after GC invocations=80 (full 6):
 PSYoungGen      total 364032K, used 42637K [0x00000000e0000000, 0x00000000fcb80000, 0x0000000100000000)
  eden space 267776K, 0% used [0x00000000e0000000,0x00000000e0000000,0x00000000f0580000)
  from space 96256K, 44% used [0x00000000f6d80000,0x00000000f97235b8,0x00000000fcb80000)
  to   space 101376K, 0% used [0x00000000f0580000,0x00000000f0580000,0x00000000f6880000)
 ParOldGen       total 193024K, used 69570K [0x00000000a0000000, 0x00000000abc80000, 0x00000000e0000000)
  object space 193024K, 36% used [0x00000000a0000000,0x00000000a43f09c0,0x00000000abc80000)
 Metaspace       used 97287K, capacity 103768K, committed 110376K, reserved 1144832K
  class space    used 12233K, capacity 13356K, committed 14376K, reserved 1048576K
}
Event: 14870.129 GC heap before
{Heap before GC invocations=81 (full 6):
 PSYoungGen      total 364032K, used 310413K [0x00000000e0000000, 0x00000000fcb80000, 0x0000000100000000)
  eden space 267776K, 100% used [0x00000000e0000000,0x00000000f0580000,0x00000000f0580000)
  from space 96256K, 44% used [0x00000000f6d80000,0x00000000f97235b8,0x00000000fcb80000)
  to   space 101376K, 0% used [0x00000000f0580000,0x00000000f0580000,0x00000000f6880000)
 ParOldGen       total 193024K, used 69570K [0x00000000a0000000, 0x00000000abc80000, 0x00000000e0000000)
  object space 193024K, 36% used [0x00000000a0000000,0x00000000a43f09c0,0x00000000abc80000)
 Metaspace       used 97560K, capacity 104026K, committed 110376K, reserved 1144832K
  class space    used 12252K, capacity 13371K, committed 14376K, reserved 1048576K
Event: 14870.388 GC heap after
Heap after GC invocations=81 (full 6):
 PSYoungGen      total 369152K, used 101375K [0x00000000e0000000, 0x0000000100000000, 0x0000000100000000)
  eden space 267776K, 0% used [0x00000000e0000000,0x00000000e0000000,0x00000000f0580000)
  from space 101376K, 99% used [0x00000000f0580000,0x00000000f687fc20,0x00000000f6880000)
  to   space 125440K, 0% used [0x00000000f8580000,0x00000000f8580000,0x0000000100000000)
 ParOldGen       total 193024K, used 86129K [0x00000000a0000000, 0x00000000abc80000, 0x00000000e0000000)
  object space 193024K, 44% used [0x00000000a0000000,0x00000000a541c6b0,0x00000000abc80000)
 Metaspace       used 97560K, capacity 104026K, committed 110376K, reserved 1144832K
  class space    used 12252K, capacity 13371K, committed 14376K, reserved 1048576K
}

